Build started 03/04/2012 2:44:23 PM.
     1>Project "C:\Users\Daniel\Dropbox\Capstone\Capstone\Capstone.vcxproj" on node 2 (build target(s)).
     1>InitializeBuildStatus:
         Creating "Debug\Capstone.unsuccessfulbuild" because "AlwaysCreate" was specified.
       ClCompile:
         c:\Program Files (x86)\Microsoft Visual Studio 10.0\VC\bin\CL.exe /c /I"C:\Program Files (x86)\Microsoft DirectX SDK (June 2010)\\Include" /I"C:\Program Files\Havok\hk2011_3_0_r1\Source" /ZI /nologo /W3 /WX- /Od /Oy- /D D3D_DEBUG_INFO /D _MBCS /Gm /EHsc /RTC1 /MDd /GS /fp:precise /Zc:wchar_t /Zc:forScope /Fo"Debug\\" /Fd"Debug\vc100.pdb" /Gd /TP /analyze- /errorReport:prompt AISeek.cpp AIWander.cpp Camera.cpp DebugCube.cpp DirectXRenderer.cpp Effect.cpp Enemy.cpp FirstMenu.cpp Game.cpp Light.cpp LogManager.cpp main.cpp Mesh.cpp Pause.cpp RandomNumber.cpp SceneNode.cpp SceneNodePhysics.cpp Settings.cpp SoundEngine.cpp UIObject.cpp Vector.cpp
         SoundEngine.cpp
         RandomNumber.cpp
         Game.cpp
         Enemy.cpp
         Camera.cpp
         AIWander.cpp
         Generating Code...
         Compiling...
         SceneNode.cpp
         main.cpp
         FirstMenu.cpp
         Generating Code...
         Skipping... (no relevant changes detected)
         Vector.cpp
         UIObject.cpp
         Settings.cpp
         Pause.cpp
         LogManager.cpp
         Light.cpp
         Effect.cpp
         DirectXRenderer.cpp
         DebugCube.cpp
         SceneNodePhysics.cpp
         Mesh.cpp
         AISeek.cpp
       ResourceCompile:
         C:\Program Files (x86)\Microsoft SDKs\Windows\v7.0A\bin\rc.exe /l"0x0409" /nologo /fo"Debug\Capstone.res" Capstone.rc 
       Link:
         c:\Program Files (x86)\Microsoft Visual Studio 10.0\VC\bin\link.exe /ERRORREPORT:PROMPT /OUT:"C:\Users\Daniel\Dropbox\Capstone\Debug\Capstone.exe" /NOLOGO /LIBPATH:"C:\Program Files (x86)\Microsoft DirectX SDK (June 2010)\\Lib\x86" /LIBPATH:C:\Users\Daniel\Dropbox\Capstone\Capstone\\FMOD\Win64\lib /LIBPATH:C:\Users\Daniel\Dropbox\Capstone\Capstone\\FMOD\Win32\lib /LIBPATH:"C:\Program Files (x86)\Microsoft DirectX SDK (June 2010)\\Lib\x64" /LIBPATH:"C:\Users\Daniel\Dropbox\Capstone\Capstone\\assimp\lib\assimp_debug-dll_win32" /LIBPATH:"C:\Program Files\Havok\hk2011_3_0_r1\Lib\win32_vs2010\debug_multithreaded" d3d9.lib d3dx9.lib dinput8.lib dxguid.lib fmodex64_vc.lib fmodexL64_vc.lib fmodex_vc.lib fmodexL_vc.lib assimp.lib hkBase.lib hkCompat.lib hkSceneData.lib hkSerialize.lib hkVisualize.lib hkInternal.lib hkGeometryUtilities.lib hkcdInternal.lib hkcdCollide.lib hkpCollide.lib hkpConstraintSolver.lib hkpDynamics.lib hkpInternal.lib hkpUtilities.lib hkpVehicle.lib kernel32.lib user32.lib gdi32.lib winspool.lib comdlg32.lib advapi32.lib shell32.lib ole32.lib oleaut32.lib uuid.lib odbc32.lib odbccp32.lib /MANIFEST /ManifestFile:"Debug\Capstone.exe.intermediate.manifest" /MANIFESTUAC:"level='asInvoker' uiAccess='false'" /DEBUG /PDB:"C:\Users\Daniel\Dropbox\Capstone\Debug\Capstone.pdb" /TLBID:1 /DYNAMICBASE /NXCOMPAT /IMPLIB:"C:\Users\Daniel\Dropbox\Capstone\Debug\Capstone.lib" /MACHINE:X86 Debug\Capstone.res
         Debug\AISeek.obj
         Debug\AIWander.obj
         Debug\Camera.obj
         Debug\DebugCube.obj
         Debug\DirectXRenderer.obj
         Debug\Effect.obj
         Debug\Enemy.obj
         Debug\FirstMenu.obj
         Debug\Game.obj
         Debug\Light.obj
         Debug\LogManager.obj
         Debug\main.obj
         Debug\Mesh.obj
         Debug\Pause.obj
         Debug\RandomNumber.obj
         Debug\SceneNode.obj
         Debug\SceneNodePhysics.obj
         Debug\Settings.obj
         Debug\SoundEngine.obj
         Debug\UIObject.obj
         Debug\Vector.obj
     1>LINK : warning LNK4098: defaultlib 'LIBCMTD' conflicts with use of other libs; use /NODEFAULTLIB:library
     1>Vector.obj : warning LNK4099: PDB 'vc100.pdb' was not found with 'Vector.obj' or at 'C:\Users\Daniel\Dropbox\Capstone\Debug\vc100.pdb'; linking object as if no debug info
     1>Pause.obj : warning LNK4099: PDB 'vc100.pdb' was not found with 'Pause.obj' or at 'C:\Users\Daniel\Dropbox\Capstone\Debug\vc100.pdb'; linking object as if no debug info
     1>LogManager.obj : warning LNK4099: PDB 'vc100.pdb' was not found with 'LogManager.obj' or at 'C:\Users\Daniel\Dropbox\Capstone\Debug\vc100.pdb'; linking object as if no debug info
         Capstone.vcxproj -> C:\Users\Daniel\Dropbox\Capstone\Debug\Capstone.exe
       Manifest:
         C:\Program Files (x86)\Microsoft SDKs\Windows\v7.0A\bin\mt.exe /nologo /verbose /outputresource:"C:\Users\Daniel\Dropbox\Capstone\Debug\Capstone.exe;#1" /manifest Debug\Capstone.exe.intermediate.manifest
       FinalizeBuildStatus:
         Deleting file "Debug\Capstone.unsuccessfulbuild".
         Touching "Debug\Capstone.lastbuildstate".
     1>Done Building Project "C:\Users\Daniel\Dropbox\Capstone\Capstone\Capstone.vcxproj" (build target(s)).

Build succeeded.

Time Elapsed 00:00:24.88
