Build started 21/02/2012 2:10:37 AM.
     1>Project "C:\Users\Daniel\Dropbox\Capstone\Capstone\Capstone.vcxproj" on node 2 (build target(s)).
     1>InitializeBuildStatus:
         Creating "Debug\Capstone.unsuccessfulbuild" because "AlwaysCreate" was specified.
       ClCompile:
         c:\Program Files (x86)\Microsoft Visual Studio 10.0\VC\bin\CL.exe /c /I"C:\Program Files (x86)\Microsoft DirectX SDK (June 2010)\\Include" /ZI /nologo /W3 /WX- /Od /Oy- /D _MBCS /Gm /EHsc /RTC1 /MDd /GS /fp:precise /Zc:wchar_t /Zc:forScope /Fo"Debug\\" /Fd"Debug\vc100.pdb" /Gd /TP /analyze- /errorReport:prompt Camera.cpp DirectXRenderer.cpp Effect.cpp FirstMenu.cpp Game.cpp Light.cpp main.cpp SceneNode.cpp Settings.cpp SoundEngine.cpp UIObject.cpp
         SoundEngine.cpp
         main.cpp
         Effect.cpp
         Generating Code...
         Compiling...
         UIObject.cpp
         Settings.cpp
         SceneNode.cpp
         Light.cpp
         Game.cpp
         FirstMenu.cpp
         DirectXRenderer.cpp
         Camera.cpp
         Generating Code...
       Link:
         c:\Program Files (x86)\Microsoft Visual Studio 10.0\VC\bin\link.exe /ERRORREPORT:PROMPT /OUT:"C:\Users\Daniel\Dropbox\Capstone\Debug\Capstone.exe" /NOLOGO /LIBPATH:"C:\Program Files (x86)\Microsoft DirectX SDK (June 2010)\\Lib\x86" /LIBPATH:C:\Users\Daniel\Dropbox\Capstone\Capstone\\FMOD\Win64\lib /LIBPATH:C:\Users\Daniel\Dropbox\Capstone\Capstone\\FMOD\Win32\lib /LIBPATH:"C:\Program Files (x86)\Microsoft DirectX SDK (June 2010)\\Lib\x64" /LIBPATH:"C:\Users\Daniel\Dropbox\Capstone\Capstone\\assimp\lib\assimp_debug-dll_win32" d3d9.lib d3dx9.lib dinput8.lib dxguid.lib fmodex64_vc.lib fmodexL64_vc.lib fmodex_vc.lib fmodexL_vc.lib assimp.lib kernel32.lib user32.lib gdi32.lib winspool.lib comdlg32.lib advapi32.lib shell32.lib ole32.lib oleaut32.lib uuid.lib odbc32.lib odbccp32.lib /MANIFEST /ManifestFile:"Debug\Capstone.exe.intermediate.manifest" /MANIFESTUAC:"level='asInvoker' uiAccess='false'" /DEBUG /PDB:"C:\Users\Daniel\Dropbox\Capstone\Debug\Capstone.pdb" /TLBID:1 /DYNAMICBASE /NXCOMPAT /IMPLIB:"C:\Users\Daniel\Dropbox\Capstone\Debug\Capstone.lib" /MACHINE:X86 Debug\Camera.obj
         Debug\DirectXRenderer.obj
         Debug\Effect.obj
         Debug\FirstMenu.obj
         Debug\Game.obj
         Debug\Light.obj
         Debug\LogManager.obj
         Debug\main.obj
         Debug\Pause.obj
         Debug\SceneNode.obj
         Debug\Settings.obj
         Debug\SoundEngine.obj
         Debug\UIObject.obj
         Debug\Vector.obj
         LINK : C:\Users\Daniel\Dropbox\Capstone\Debug\Capstone.exe not found or not built by the last incremental link; performing full link
         Capstone.vcxproj -> C:\Users\Daniel\Dropbox\Capstone\Debug\Capstone.exe
       Manifest:
         C:\Program Files (x86)\Microsoft SDKs\Windows\v7.0A\bin\mt.exe /nologo /verbose /outputresource:"C:\Users\Daniel\Dropbox\Capstone\Debug\Capstone.exe;#1" /manifest Debug\Capstone.exe.intermediate.manifest
       FinalizeBuildStatus:
         Deleting file "Debug\Capstone.unsuccessfulbuild".
         Touching "Debug\Capstone.lastbuildstate".
     1>Done Building Project "C:\Users\Daniel\Dropbox\Capstone\Capstone\Capstone.vcxproj" (build target(s)).

Build succeeded.

Time Elapsed 00:00:17.05
