C:\USERS\DANIEL\DROPBOX\CAPSTONE\CAPSTONE\DEBUG\AISEEK.OBJ
C:\USERS\DANIEL\DROPBOX\CAPSTONE\CAPSTONE\DEBUG\AIWANDER.OBJ
C:\USERS\DANIEL\DROPBOX\CAPSTONE\CAPSTONE\DEBUG\BASKET.OBJ
C:\USERS\DANIEL\DROPBOX\CAPSTONE\CAPSTONE\DEBUG\CAMERA.OBJ
C:\USERS\DANIEL\DROPBOX\CAPSTONE\CAPSTONE\DEBUG\CAPSTONE.EXE.INTERMEDIATE.MANIFEST
C:\USERS\DANIEL\DROPBOX\CAPSTONE\CAPSTONE\DEBUG\CAPSTONE.RES
C:\USERS\DANIEL\DROPBOX\CAPSTONE\CAPSTONE\DEBUG\DEBUGCUBE.OBJ
C:\USERS\DANIEL\DROPBOX\CAPSTONE\CAPSTONE\DEBUG\DIRECTXRENDERER.OBJ
C:\USERS\DANIEL\DROPBOX\CAPSTONE\CAPSTONE\DEBUG\EFFECT.OBJ
C:\USERS\DANIEL\DROPBOX\CAPSTONE\CAPSTONE\DEBUG\ENEMY.OBJ
C:\USERS\DANIEL\DROPBOX\CAPSTONE\CAPSTONE\DEBUG\FIRSTMENU.OBJ
C:\USERS\DANIEL\DROPBOX\CAPSTONE\CAPSTONE\DEBUG\GAME.OBJ
C:\USERS\DANIEL\DROPBOX\CAPSTONE\CAPSTONE\DEBUG\GAMEOVER.OBJ
C:\USERS\DANIEL\DROPBOX\CAPSTONE\CAPSTONE\DEBUG\INPUT.OBJ
C:\USERS\DANIEL\DROPBOX\CAPSTONE\CAPSTONE\DEBUG\LIGHT.OBJ
C:\USERS\DANIEL\DROPBOX\CAPSTONE\CAPSTONE\DEBUG\LOGMANAGER.OBJ
C:\USERS\DANIEL\DROPBOX\CAPSTONE\CAPSTONE\DEBUG\MAIN.OBJ
C:\USERS\DANIEL\DROPBOX\CAPSTONE\CAPSTONE\DEBUG\MESH.OBJ
C:\USERS\DANIEL\DROPBOX\CAPSTONE\CAPSTONE\DEBUG\PAUSE.OBJ
C:\USERS\DANIEL\DROPBOX\CAPSTONE\CAPSTONE\DEBUG\PORTAL.OBJ
C:\USERS\DANIEL\DROPBOX\CAPSTONE\CAPSTONE\DEBUG\RANDOMNUMBER.OBJ
C:\USERS\DANIEL\DROPBOX\CAPSTONE\CAPSTONE\DEBUG\RENDERABLEPHYSICSMAP.OBJ
C:\USERS\DANIEL\DROPBOX\CAPSTONE\CAPSTONE\DEBUG\SCENENODE.OBJ
C:\USERS\DANIEL\DROPBOX\CAPSTONE\CAPSTONE\DEBUG\SCENENODEPHYSICS.OBJ
C:\USERS\DANIEL\DROPBOX\CAPSTONE\CAPSTONE\DEBUG\SETTINGS.OBJ
C:\USERS\DANIEL\DROPBOX\CAPSTONE\CAPSTONE\DEBUG\SOUNDENGINE.OBJ
C:\USERS\DANIEL\DROPBOX\CAPSTONE\CAPSTONE\DEBUG\UIOBJECT.OBJ
C:\USERS\DANIEL\DROPBOX\CAPSTONE\CAPSTONE\DEBUG\VC100.PDB
C:\USERS\DANIEL\DROPBOX\CAPSTONE\CAPSTONE\DEBUG\VECTOR.OBJ
C:\USERS\DANIEL\DROPBOX\CAPSTONE\DEBUG\CAPSTONE.EXE
C:\USERS\DANIEL\DROPBOX\CAPSTONE\DEBUG\CAPSTONE.ILK
C:\USERS\DANIEL\DROPBOX\CAPSTONE\DEBUG\CAPSTONE.PDB
F:\DOCUMENTS\DROPBOX\DROPBOX\CAPSTONE\CAPSTONE\DEBUG\AISEEK.OBJ
F:\DOCUMENTS\DROPBOX\DROPBOX\CAPSTONE\CAPSTONE\DEBUG\AIWANDER.OBJ
F:\DOCUMENTS\DROPBOX\DROPBOX\CAPSTONE\CAPSTONE\DEBUG\BASKET.OBJ
F:\DOCUMENTS\DROPBOX\DROPBOX\CAPSTONE\CAPSTONE\DEBUG\CAMERA.OBJ
F:\DOCUMENTS\DROPBOX\DROPBOX\CAPSTONE\CAPSTONE\DEBUG\CAPSTONE.EXE.INTERMEDIATE.MANIFEST
F:\DOCUMENTS\DROPBOX\DROPBOX\CAPSTONE\CAPSTONE\DEBUG\CAPSTONE.RES
F:\Documents\Dropbox\Dropbox\Capstone\Capstone\Debug\cl.command.1.tlog
F:\Documents\Dropbox\Dropbox\Capstone\Capstone\Debug\CL.read.1.tlog
F:\Documents\Dropbox\Dropbox\Capstone\Capstone\Debug\CL.write.1.tlog
F:\DOCUMENTS\DROPBOX\DROPBOX\CAPSTONE\CAPSTONE\DEBUG\DEBUGCUBE.OBJ
F:\DOCUMENTS\DROPBOX\DROPBOX\CAPSTONE\CAPSTONE\DEBUG\DIRECTXRENDERER.OBJ
F:\DOCUMENTS\DROPBOX\DROPBOX\CAPSTONE\CAPSTONE\DEBUG\EFFECT.OBJ
F:\DOCUMENTS\DROPBOX\DROPBOX\CAPSTONE\CAPSTONE\DEBUG\ENEMY.OBJ
F:\DOCUMENTS\DROPBOX\DROPBOX\CAPSTONE\CAPSTONE\DEBUG\FIRSTMENU.OBJ
F:\DOCUMENTS\DROPBOX\DROPBOX\CAPSTONE\CAPSTONE\DEBUG\GAME.OBJ
F:\DOCUMENTS\DROPBOX\DROPBOX\CAPSTONE\CAPSTONE\DEBUG\GAMEOVER.OBJ
F:\DOCUMENTS\DROPBOX\DROPBOX\CAPSTONE\CAPSTONE\DEBUG\INPUT.OBJ
F:\DOCUMENTS\DROPBOX\DROPBOX\CAPSTONE\CAPSTONE\DEBUG\LIGHT.OBJ
F:\Documents\Dropbox\Dropbox\Capstone\Capstone\Debug\link.2648.read.1.tlog
F:\Documents\Dropbox\Dropbox\Capstone\Capstone\Debug\link.2648.write.1.tlog
F:\Documents\Dropbox\Dropbox\Capstone\Capstone\Debug\link.2648-cvtres.read.1.tlog
F:\Documents\Dropbox\Dropbox\Capstone\Capstone\Debug\link.2648-cvtres.write.1.tlog
F:\Documents\Dropbox\Dropbox\Capstone\Capstone\Debug\link.2884.read.1.tlog
F:\Documents\Dropbox\Dropbox\Capstone\Capstone\Debug\link.2884.write.1.tlog
F:\Documents\Dropbox\Dropbox\Capstone\Capstone\Debug\link.2884-cvtres.read.1.tlog
F:\Documents\Dropbox\Dropbox\Capstone\Capstone\Debug\link.2884-cvtres.write.1.tlog
F:\Documents\Dropbox\Dropbox\Capstone\Capstone\Debug\link.3360.read.1.tlog
F:\Documents\Dropbox\Dropbox\Capstone\Capstone\Debug\link.3360.write.1.tlog
F:\Documents\Dropbox\Dropbox\Capstone\Capstone\Debug\link.3360-cvtres.read.1.tlog
F:\Documents\Dropbox\Dropbox\Capstone\Capstone\Debug\link.3360-cvtres.write.1.tlog
F:\Documents\Dropbox\Dropbox\Capstone\Capstone\Debug\link.3488.read.1.tlog
F:\Documents\Dropbox\Dropbox\Capstone\Capstone\Debug\link.3488.write.1.tlog
F:\Documents\Dropbox\Dropbox\Capstone\Capstone\Debug\link.3488-cvtres.read.1.tlog
F:\Documents\Dropbox\Dropbox\Capstone\Capstone\Debug\link.3488-cvtres.write.1.tlog
F:\Documents\Dropbox\Dropbox\Capstone\Capstone\Debug\link.4276.read.1.tlog
F:\Documents\Dropbox\Dropbox\Capstone\Capstone\Debug\link.4276.write.1.tlog
F:\Documents\Dropbox\Dropbox\Capstone\Capstone\Debug\link.4276-cvtres.read.1.tlog
F:\Documents\Dropbox\Dropbox\Capstone\Capstone\Debug\link.4276-cvtres.write.1.tlog
F:\Documents\Dropbox\Dropbox\Capstone\Capstone\Debug\link.4508.read.1.tlog
F:\Documents\Dropbox\Dropbox\Capstone\Capstone\Debug\link.4508.write.1.tlog
F:\Documents\Dropbox\Dropbox\Capstone\Capstone\Debug\link.4508-cvtres.read.1.tlog
F:\Documents\Dropbox\Dropbox\Capstone\Capstone\Debug\link.4508-cvtres.write.1.tlog
F:\Documents\Dropbox\Dropbox\Capstone\Capstone\Debug\link.4724.read.1.tlog
F:\Documents\Dropbox\Dropbox\Capstone\Capstone\Debug\link.4724.write.1.tlog
F:\Documents\Dropbox\Dropbox\Capstone\Capstone\Debug\link.4724-cvtres.read.1.tlog
F:\Documents\Dropbox\Dropbox\Capstone\Capstone\Debug\link.4724-cvtres.write.1.tlog
F:\Documents\Dropbox\Dropbox\Capstone\Capstone\Debug\link.4788.read.1.tlog
F:\Documents\Dropbox\Dropbox\Capstone\Capstone\Debug\link.4788.write.1.tlog
F:\Documents\Dropbox\Dropbox\Capstone\Capstone\Debug\link.4788-cvtres.read.1.tlog
F:\Documents\Dropbox\Dropbox\Capstone\Capstone\Debug\link.4788-cvtres.write.1.tlog
F:\Documents\Dropbox\Dropbox\Capstone\Capstone\Debug\link.4992.read.1.tlog
F:\Documents\Dropbox\Dropbox\Capstone\Capstone\Debug\link.4992.write.1.tlog
F:\Documents\Dropbox\Dropbox\Capstone\Capstone\Debug\link.4992-cvtres.read.1.tlog
F:\Documents\Dropbox\Dropbox\Capstone\Capstone\Debug\link.4992-cvtres.write.1.tlog
F:\Documents\Dropbox\Dropbox\Capstone\Capstone\Debug\link.5576.read.1.tlog
F:\Documents\Dropbox\Dropbox\Capstone\Capstone\Debug\link.5576.write.1.tlog
F:\Documents\Dropbox\Dropbox\Capstone\Capstone\Debug\link.5576-cvtres.read.1.tlog
F:\Documents\Dropbox\Dropbox\Capstone\Capstone\Debug\link.5576-cvtres.write.1.tlog
F:\Documents\Dropbox\Dropbox\Capstone\Capstone\Debug\link.840.read.1.tlog
F:\Documents\Dropbox\Dropbox\Capstone\Capstone\Debug\link.840.write.1.tlog
F:\Documents\Dropbox\Dropbox\Capstone\Capstone\Debug\link.840-cvtres.read.1.tlog
F:\Documents\Dropbox\Dropbox\Capstone\Capstone\Debug\link.840-cvtres.write.1.tlog
F:\Documents\Dropbox\Dropbox\Capstone\Capstone\Debug\link.command.1.tlog
F:\Documents\Dropbox\Dropbox\Capstone\Capstone\Debug\link.read.1.tlog
F:\Documents\Dropbox\Dropbox\Capstone\Capstone\Debug\link.write.1.tlog
F:\Documents\Dropbox\Dropbox\Capstone\Capstone\Debug\link-cvtres.read.1.tlog
F:\Documents\Dropbox\Dropbox\Capstone\Capstone\Debug\link-cvtres.write.1.tlog
F:\DOCUMENTS\DROPBOX\DROPBOX\CAPSTONE\CAPSTONE\DEBUG\LOGMANAGER.OBJ
F:\DOCUMENTS\DROPBOX\DROPBOX\CAPSTONE\CAPSTONE\DEBUG\MAIN.OBJ
F:\DOCUMENTS\DROPBOX\DROPBOX\CAPSTONE\CAPSTONE\DEBUG\MESH.OBJ
F:\Documents\Dropbox\Dropbox\Capstone\Capstone\Debug\mt.command.1.tlog
F:\Documents\Dropbox\Dropbox\Capstone\Capstone\Debug\mt.read.1.tlog
F:\Documents\Dropbox\Dropbox\Capstone\Capstone\Debug\mt.write.1.tlog
F:\DOCUMENTS\DROPBOX\DROPBOX\CAPSTONE\CAPSTONE\DEBUG\PAUSE.OBJ
F:\DOCUMENTS\DROPBOX\DROPBOX\CAPSTONE\CAPSTONE\DEBUG\PORTAL.OBJ
F:\DOCUMENTS\DROPBOX\DROPBOX\CAPSTONE\CAPSTONE\DEBUG\RANDOMNUMBER.OBJ
F:\Documents\Dropbox\Dropbox\Capstone\Capstone\Debug\rc.command.1.tlog
F:\Documents\Dropbox\Dropbox\Capstone\Capstone\Debug\rc.read.1.tlog
F:\Documents\Dropbox\Dropbox\Capstone\Capstone\Debug\rc.write.1.tlog
F:\DOCUMENTS\DROPBOX\DROPBOX\CAPSTONE\CAPSTONE\DEBUG\RENDERABLEPHYSICSMAP.OBJ
F:\DOCUMENTS\DROPBOX\DROPBOX\CAPSTONE\CAPSTONE\DEBUG\SCENENODE.OBJ
F:\DOCUMENTS\DROPBOX\DROPBOX\CAPSTONE\CAPSTONE\DEBUG\SCENENODEPHYSICS.OBJ
F:\DOCUMENTS\DROPBOX\DROPBOX\CAPSTONE\CAPSTONE\DEBUG\SETTINGS.OBJ
F:\DOCUMENTS\DROPBOX\DROPBOX\CAPSTONE\CAPSTONE\DEBUG\SOUNDENGINE.OBJ
F:\DOCUMENTS\DROPBOX\DROPBOX\CAPSTONE\CAPSTONE\DEBUG\UIOBJECT.OBJ
F:\Documents\Dropbox\Dropbox\Capstone\Capstone\Debug\vc100.idb
F:\DOCUMENTS\DROPBOX\DROPBOX\CAPSTONE\CAPSTONE\DEBUG\VC100.PDB
F:\DOCUMENTS\DROPBOX\DROPBOX\CAPSTONE\CAPSTONE\DEBUG\VECTOR.OBJ
F:\DOCUMENTS\DROPBOX\DROPBOX\CAPSTONE\DEBUG\CAPSTONE.EXE
F:\DOCUMENTS\DROPBOX\DROPBOX\CAPSTONE\DEBUG\CAPSTONE.ILK
F:\DOCUMENTS\DROPBOX\DROPBOX\CAPSTONE\DEBUG\CAPSTONE.PDB
