Build started 3/8/2013 7:35:51 PM.
     1>Project "C:\Users\iNFiNiTY\Dropbox\Capstone\Capstone\Capstone.vcxproj" on node 2 (build target(s)).
     1>InitializeBuildStatus:
         Creating "Debug\Capstone.unsuccessfulbuild" because "AlwaysCreate" was specified.
       ClCompile:
         C:\Program Files (x86)\Microsoft Visual Studio 10.0\VC\bin\CL.exe /c /I\Include /I\Source /ZI /nologo /W3 /WX- /Od /Oy- /D D3D_DEBUG_INFO /D _MBCS /Gm /EHsc /RTC1 /MTd /GS /fp:precise /Zc:wchar_t /Zc:forScope /Fo"Debug\\" /Fd"Debug\vc100.pdb" /Gd /TP /analyze- /errorReport:prompt AISeek.cpp AIWander.cpp Basket.cpp Camera.cpp DebugCube.cpp DirectXRenderer.cpp Effect.cpp Enemy.cpp FirstMenu.cpp Game.cpp GameOver.cpp Input.cpp Light.cpp LogManager.cpp main.cpp Mesh.cpp Pause.cpp Portal.cpp RandomNumber.cpp RenderablePhysicsMap.cpp SceneNode.cpp SceneNodePhysics.cpp Settings.cpp SoundEngine.cpp UIObject.cpp Vector.cpp
         Vector.cpp
     1>c:\users\infinity\dropbox\capstone\capstone\vector.h(6): fatal error C1083: Cannot open include file: 'd3dx9.h': No such file or directory
         UIObject.cpp
     1>c:\users\infinity\dropbox\capstone\capstone\directxrenderer.h(6): fatal error C1083: Cannot open include file: 'd3dx9.h': No such file or directory
         SoundEngine.cpp
         Settings.cpp
     1>c:\users\infinity\dropbox\capstone\capstone\directxrenderer.h(6): fatal error C1083: Cannot open include file: 'd3dx9.h': No such file or directory
         SceneNodePhysics.cpp
     1>c:\users\infinity\dropbox\capstone\capstone\directxrenderer.h(6): fatal error C1083: Cannot open include file: 'd3dx9.h': No such file or directory
         SceneNode.cpp
     1>c:\users\infinity\dropbox\capstone\capstone\directxrenderer.h(6): fatal error C1083: Cannot open include file: 'd3dx9.h': No such file or directory
         RenderablePhysicsMap.cpp
     1>c:\users\infinity\dropbox\capstone\capstone\directxrenderer.h(6): fatal error C1083: Cannot open include file: 'd3dx9.h': No such file or directory
         RandomNumber.cpp
         Portal.cpp
     1>c:\users\infinity\dropbox\capstone\capstone\directxrenderer.h(6): fatal error C1083: Cannot open include file: 'd3dx9.h': No such file or directory
         Pause.cpp
         Mesh.cpp
     1>c:\users\infinity\dropbox\capstone\capstone\directxrenderer.h(6): fatal error C1083: Cannot open include file: 'd3dx9.h': No such file or directory
         main.cpp
     1>c:\users\infinity\dropbox\capstone\capstone\directxrenderer.h(6): fatal error C1083: Cannot open include file: 'd3dx9.h': No such file or directory
         LogManager.cpp
         Light.cpp
     1>c:\users\infinity\dropbox\capstone\capstone\directxrenderer.h(6): fatal error C1083: Cannot open include file: 'd3dx9.h': No such file or directory
         Input.cpp
     1>c:\users\infinity\dropbox\capstone\capstone\directxrenderer.h(6): fatal error C1083: Cannot open include file: 'd3dx9.h': No such file or directory
         GameOver.cpp
     1>c:\users\infinity\dropbox\capstone\capstone\directxrenderer.h(6): fatal error C1083: Cannot open include file: 'd3dx9.h': No such file or directory
         Game.cpp
     1>c:\users\infinity\dropbox\capstone\capstone\directxrenderer.h(6): fatal error C1083: Cannot open include file: 'd3dx9.h': No such file or directory
         FirstMenu.cpp
     1>c:\users\infinity\dropbox\capstone\capstone\directxrenderer.h(6): fatal error C1083: Cannot open include file: 'd3dx9.h': No such file or directory
         Enemy.cpp
     1>Done Building Project "C:\Users\iNFiNiTY\Dropbox\Capstone\Capstone\Capstone.vcxproj" (build target(s)) -- FAILED.

Build FAILED.

Time Elapsed 00:00:11.13
