F:\DOCUMENTS\DROPBOX\DROPBOX\CAPSTONE\CAPSTONE\RELEASE\AISEEK.OBJ
F:\DOCUMENTS\DROPBOX\DROPBOX\CAPSTONE\CAPSTONE\RELEASE\AIWANDER.OBJ
F:\DOCUMENTS\DROPBOX\DROPBOX\CAPSTONE\CAPSTONE\RELEASE\BASKET.OBJ
F:\DOCUMENTS\DROPBOX\DROPBOX\CAPSTONE\CAPSTONE\RELEASE\CAMERA.OBJ
F:\Documents\Dropbox\Dropbox\Capstone\Capstone\Release\cl.command.1.tlog
F:\Documents\Dropbox\Dropbox\Capstone\Capstone\Release\CL.read.1.tlog
F:\Documents\Dropbox\Dropbox\Capstone\Capstone\Release\CL.write.1.tlog
F:\DOCUMENTS\DROPBOX\DROPBOX\CAPSTONE\CAPSTONE\RELEASE\DEBUGCUBE.OBJ
F:\DOCUMENTS\DROPBOX\DROPBOX\CAPSTONE\CAPSTONE\RELEASE\DIRECTXRENDERER.OBJ
F:\DOCUMENTS\DROPBOX\DROPBOX\CAPSTONE\CAPSTONE\RELEASE\EFFECT.OBJ
F:\DOCUMENTS\DROPBOX\DROPBOX\CAPSTONE\CAPSTONE\RELEASE\ENEMY.OBJ
F:\DOCUMENTS\DROPBOX\DROPBOX\CAPSTONE\CAPSTONE\RELEASE\FIRSTMENU.OBJ
F:\DOCUMENTS\DROPBOX\DROPBOX\CAPSTONE\CAPSTONE\RELEASE\GAME.OBJ
F:\DOCUMENTS\DROPBOX\DROPBOX\CAPSTONE\CAPSTONE\RELEASE\GAMEOVER.OBJ
F:\DOCUMENTS\DROPBOX\DROPBOX\CAPSTONE\CAPSTONE\RELEASE\INPUT.OBJ
F:\DOCUMENTS\DROPBOX\DROPBOX\CAPSTONE\CAPSTONE\RELEASE\LIGHT.OBJ
F:\DOCUMENTS\DROPBOX\DROPBOX\CAPSTONE\CAPSTONE\RELEASE\LOGMANAGER.OBJ
F:\DOCUMENTS\DROPBOX\DROPBOX\CAPSTONE\CAPSTONE\RELEASE\MAIN.OBJ
F:\DOCUMENTS\DROPBOX\DROPBOX\CAPSTONE\CAPSTONE\RELEASE\MESH.OBJ
F:\DOCUMENTS\DROPBOX\DROPBOX\CAPSTONE\CAPSTONE\RELEASE\PAUSE.OBJ
F:\DOCUMENTS\DROPBOX\DROPBOX\CAPSTONE\CAPSTONE\RELEASE\PORTAL.OBJ
F:\DOCUMENTS\DROPBOX\DROPBOX\CAPSTONE\CAPSTONE\RELEASE\RANDOMNUMBER.OBJ
F:\DOCUMENTS\DROPBOX\DROPBOX\CAPSTONE\CAPSTONE\RELEASE\RENDERABLEPHYSICSMAP.OBJ
F:\Documents\Dropbox\Dropbox\Capstone\Capstone\Release\vc100.pdb
